{
  "stats": {
    "suites": 1,
    "tests": 4,
    "passes": 4,
    "pending": 0,
    "failures": 0,
    "start": "2026-06-15T23:15:15.300Z",
    "end": "2026-06-15T23:15:15.307Z",
    "duration": 7,
    "testsRegistered": 4,
    "passPercent": 100,
    "pendingPercent": 0,
    "other": 0,
    "hasOther": false,
    "skipped": 0,
    "hasSkipped": false
  },
  "results": [
    {
      "uuid": "f0747673-c4e8-432c-8f8e-84357229d752",
      "title": "",
      "fullFile": "C:\\projects\\desafio-dois-pontos-programacao\\test\\login.test.js",
      "file": "\\test\\login.test.js",
      "beforeHooks": [],
      "afterHooks": [],
      "tests": [],
      "suites": [
        {
          "uuid": "21e6f89c-2d4a-42f5-80d3-f672db23c3b8",
          "title": "Validar logins de usuários",
          "fullFile": "C:\\projects\\desafio-dois-pontos-programacao\\test\\login.test.js",
          "file": "\\test\\login.test.js",
          "beforeHooks": [],
          "afterHooks": [],
          "tests": [
            {
              "title": "Validar login com sucesso",
              "fullTitle": "Validar logins de usuários Validar login com sucesso",
              "timedOut": false,
              "duration": 0,
              "state": "passed",
              "speed": "fast",
              "pass": true,
              "fail": false,
              "pending": false,
              "context": null,
              "code": "//arrange\nconst email ='renata@teste.com'\nconst senha =123456\nconst status = 'sucesso'\n//act\nconst resultadoFuncao = validarUsuario(email,senha)\n//assert\nassert.equal(resultadoFuncao,status)",
              "err": {},
              "uuid": "3d496a56-71e3-4a92-9617-132345717204",
              "parentUUID": "21e6f89c-2d4a-42f5-80d3-f672db23c3b8",
              "isHook": false,
              "skipped": false
            },
            {
              "title": "Validar login expirado",
              "fullTitle": "Validar logins de usuários Validar login expirado",
              "timedOut": false,
              "duration": 0,
              "state": "passed",
              "speed": "fast",
              "pass": true,
              "fail": false,
              "pending": false,
              "context": null,
              "code": "//arrange\nconst email ='alice@teste.com'\nconst senha =321456\nconst status = 'expirado'\n//act\nconst resultadoFuncao = validarUsuario(email,senha)\n//assert\nassert.equal(resultadoFuncao,status)",
              "err": {},
              "uuid": "9e8417ee-6aac-4cd4-a189-bc04f8ab4782",
              "parentUUID": "21e6f89c-2d4a-42f5-80d3-f672db23c3b8",
              "isHook": false,
              "skipped": false
            },
            {
              "title": "Validar login com senha incorreta",
              "fullTitle": "Validar logins de usuários Validar login com senha incorreta",
              "timedOut": false,
              "duration": 0,
              "state": "passed",
              "speed": "fast",
              "pass": true,
              "fail": false,
              "pending": false,
              "context": null,
              "code": "//arrange\nconst email ='renata@teste.com'\nconst senha =258963\nconst status = 'senha incorreta'\n//act\nconst resultadoFuncao = validarUsuario(email,senha)\n//assert\nassert.equal(resultadoFuncao,status)",
              "err": {},
              "uuid": "3d2e763e-7569-4435-9ac6-c23069a15b51",
              "parentUUID": "21e6f89c-2d4a-42f5-80d3-f672db23c3b8",
              "isHook": false,
              "skipped": false
            },
            {
              "title": "Validar usuário não encontrado",
              "fullTitle": "Validar logins de usuários Validar usuário não encontrado",
              "timedOut": false,
              "duration": 0,
              "state": "passed",
              "speed": "fast",
              "pass": true,
              "fail": false,
              "pending": false,
              "context": null,
              "code": "//arrange\nconst email ='renataAlice@teste.com'\nconst senha =258963\nconst status = 'incorreto'\n//act\nconst resultadoFuncao = validarUsuario(email,senha)\n//assert\nassert.equal(resultadoFuncao,status)",
              "err": {},
              "uuid": "d00df8ad-e3e7-4204-a094-532076f8c15f",
              "parentUUID": "21e6f89c-2d4a-42f5-80d3-f672db23c3b8",
              "isHook": false,
              "skipped": false
            }
          ],
          "suites": [],
          "passes": [
            "3d496a56-71e3-4a92-9617-132345717204",
            "9e8417ee-6aac-4cd4-a189-bc04f8ab4782",
            "3d2e763e-7569-4435-9ac6-c23069a15b51",
            "d00df8ad-e3e7-4204-a094-532076f8c15f"
          ],
          "failures": [],
          "pending": [],
          "skipped": [],
          "duration": 0,
          "root": false,
          "rootEmpty": false,
          "_timeout": 2000
        }
      ],
      "passes": [],
      "failures": [],
      "pending": [],
      "skipped": [],
      "duration": 0,
      "root": true,
      "rootEmpty": true,
      "_timeout": 2000
    }
  ],
  "meta": {
    "mocha": {
      "version": "11.7.5"
    },
    "mochawesome": {
      "options": {
        "quiet": false,
        "reportFilename": "mochawesome",
        "saveHtml": true,
        "saveJson": true,
        "consoleReporter": "spec",
        "useInlineDiffs": false,
        "code": true
      },
      "version": "7.1.4"
    },
    "marge": {
      "options": {
        "reportDir": "reports"
      },
      "version": "6.3.2"
    }
  }
}