{
  "stats": {
    "suites": 1,
    "tests": 4,
    "passes": 4,
    "pending": 0,
    "failures": 0,
    "start": "2026-06-17T21:47:28.838Z",
    "end": "2026-06-17T21:47:28.847Z",
    "duration": 9,
    "testsRegistered": 4,
    "passPercent": 100,
    "pendingPercent": 0,
    "other": 0,
    "hasOther": false,
    "skipped": 0,
    "hasSkipped": false
  },
  "results": [
    {
      "uuid": "b9d37b69-021c-4fd7-929e-d2e1e84717fa",
      "title": "",
      "fullFile": "C:\\projects\\desafio-dois-pontos-programacao\\test\\login.test.js",
      "file": "\\test\\login.test.js",
      "beforeHooks": [],
      "afterHooks": [],
      "tests": [],
      "suites": [
        {
          "uuid": "69d79dab-69cf-4f71-b03d-286b0e376743",
          "title": "Validar logins de usuários",
          "fullFile": "C:\\projects\\desafio-dois-pontos-programacao\\test\\login.test.js",
          "file": "\\test\\login.test.js",
          "beforeHooks": [],
          "afterHooks": [],
          "tests": [
            {
              "title": "Validar login com sucesso",
              "fullTitle": "Validar logins de usuários Validar login com sucesso",
              "timedOut": false,
              "duration": 0,
              "state": "passed",
              "speed": "fast",
              "pass": true,
              "fail": false,
              "pending": false,
              "context": null,
              "code": "//arrange\nconst email ='renata@teste.com'\nconst senha =123456\nconst status = 'sucesso'\n//act\nconst resultadoFuncao = validarUsuario(email,senha)\n//assert\nassert.equal(resultadoFuncao,status)",
              "err": {},
              "uuid": "b894375c-1644-476e-bb17-98ef7556b5ef",
              "parentUUID": "69d79dab-69cf-4f71-b03d-286b0e376743",
              "isHook": false,
              "skipped": false
            },
            {
              "title": "Validar login expirado",
              "fullTitle": "Validar logins de usuários Validar login expirado",
              "timedOut": false,
              "duration": 0,
              "state": "passed",
              "speed": "fast",
              "pass": true,
              "fail": false,
              "pending": false,
              "context": null,
              "code": "//arrange\nconst email ='alice@teste.com'\nconst senha =321456\nconst status = 'expirado'\n//act\nconst resultadoFuncao = validarUsuario(email,senha)\n//assert\nassert.equal(resultadoFuncao,status)",
              "err": {},
              "uuid": "fa45edb5-a1da-45de-97bf-0d6658b34162",
              "parentUUID": "69d79dab-69cf-4f71-b03d-286b0e376743",
              "isHook": false,
              "skipped": false
            },
            {
              "title": "Validar login com senha incorreta",
              "fullTitle": "Validar logins de usuários Validar login com senha incorreta",
              "timedOut": false,
              "duration": 0,
              "state": "passed",
              "speed": "fast",
              "pass": true,
              "fail": false,
              "pending": false,
              "context": null,
              "code": "//arrange\nconst email ='renata@teste.com'\nconst senha =258963\nconst status = 'senha incorreta'\n//act\nconst resultadoFuncao = validarUsuario(email,senha)\n//assert\nassert.equal(resultadoFuncao,status)",
              "err": {},
              "uuid": "7038e2a0-f466-438a-ad15-24b8a58c8ffc",
              "parentUUID": "69d79dab-69cf-4f71-b03d-286b0e376743",
              "isHook": false,
              "skipped": false
            },
            {
              "title": "Validar usuário não encontrado",
              "fullTitle": "Validar logins de usuários Validar usuário não encontrado",
              "timedOut": false,
              "duration": 1,
              "state": "passed",
              "speed": "fast",
              "pass": true,
              "fail": false,
              "pending": false,
              "context": null,
              "code": "//arrange\nconst email ='renataAlice@teste.com'\nconst senha =258963\nconst status = 'incorreto'\n//act\nconst resultadoFuncao = validarUsuario(email,senha)\n//assert\nassert.equal(resultadoFuncao,status)",
              "err": {},
              "uuid": "e8fc1b7b-7e92-4721-8499-e5baf78faf33",
              "parentUUID": "69d79dab-69cf-4f71-b03d-286b0e376743",
              "isHook": false,
              "skipped": false
            }
          ],
          "suites": [],
          "passes": [
            "b894375c-1644-476e-bb17-98ef7556b5ef",
            "fa45edb5-a1da-45de-97bf-0d6658b34162",
            "7038e2a0-f466-438a-ad15-24b8a58c8ffc",
            "e8fc1b7b-7e92-4721-8499-e5baf78faf33"
          ],
          "failures": [],
          "pending": [],
          "skipped": [],
          "duration": 1,
          "root": false,
          "rootEmpty": false,
          "_timeout": 2000
        }
      ],
      "passes": [],
      "failures": [],
      "pending": [],
      "skipped": [],
      "duration": 0,
      "root": true,
      "rootEmpty": true,
      "_timeout": 2000
    }
  ],
  "meta": {
    "mocha": {
      "version": "11.7.5"
    },
    "mochawesome": {
      "options": {
        "quiet": false,
        "reportFilename": "mochawesome",
        "saveHtml": true,
        "saveJson": true,
        "consoleReporter": "spec",
        "useInlineDiffs": false,
        "code": true
      },
      "version": "7.1.4"
    },
    "marge": {
      "options": {
        "reportDir": "reports"
      },
      "version": "6.3.2"
    }
  }
}